Compiling the C compiler identification source file "CMakeCCompilerId.c" failed.
Compiler: E:/Program Files (x86)/CodeBlocks/MinGW/bin/gcc.exe 
Build flags: 
Id flags:  

The output was:
1


Compiling the C compiler identification source file "CMakeCCompilerId.c" failed.
Compiler: E:/Program Files (x86)/CodeBlocks/MinGW/bin/gcc.exe 
Build flags: 
Id flags: -c 

The output was:
1


Compiling the C compiler identification source file "CMakeCCompilerId.c" failed.
Compiler: E:/Program Files (x86)/CodeBlocks/MinGW/bin/gcc.exe 
Build flags: 
Id flags: -Aa 

The output was:
1
<command-line>:0:1: error: missing '(' after predicate


Compiling the C compiler identification source file "CMakeCCompilerId.c" failed.
Compiler: E:/Program Files (x86)/CodeBlocks/MinGW/bin/gcc.exe 
Build flags: 
Id flags: -D__CLASSIC_C__ 

The output was:
1


